2020-12-16 08:08:21,363 INFO  [org.jboss.modules] (main) JBoss Modules version 1.10.1.Final
2020-12-16 08:08:22,325 INFO  [org.jboss.msc] (main) JBoss MSC version 1.4.11.Final
2020-12-16 08:08:22,339 INFO  [org.jboss.threads] (main) JBoss Threads version 2.3.3.Final
2020-12-16 08:08:22,528 INFO  [org.jboss.as] (MSC service thread 1-2) WFLYSRV0049: Keycloak 11.0.3 (WildFly Core 12.0.3.Final) starting
2020-12-16 08:08:22,532 DEBUG [org.jboss.as.config] (MSC service thread 1-2) Configured system properties:
	[Standalone] = 
	awt.toolkit = sun.lwawt.macosx.LWCToolkit
	file.encoding = UTF-8
	file.separator = /
	ftp.nonProxyHosts = local|*.local|169.254/16|*.169.254/16
	gopherProxySet = false
	http.nonProxyHosts = local|*.local|169.254/16|*.169.254/16
	java.awt.graphicsenv = sun.awt.CGraphicsEnvironment
	java.awt.headless = true
	java.awt.printerjob = sun.lwawt.macosx.CPrinterJob
	java.class.path = /Users/everton.savio/Github/Oauth2-Microservices-Spring/authorization-server/keycloak-11.0.3/jboss-modules.jar
	java.class.version = 55.0
	java.home = /Library/Java/JavaVirtualMachines/adoptopenjdk-11.jdk/Contents/Home
	java.io.tmpdir = /var/folders/vv/57lmsv192c36cjk5dwgvnvfjgcmyfl/T/
	java.library.path = /Users/everton.savio/Library/Java/Extensions:/Library/Java/Extensions:/Network/Library/Java/Extensions:/System/Library/Java/Extensions:/usr/lib/java:.
	java.net.preferIPv4Stack = true
	java.runtime.name = OpenJDK Runtime Environment
	java.runtime.version = 11.0.9+11
	java.specification.name = Java Platform API Specification
	java.specification.vendor = Oracle Corporation
	java.specification.version = 11
	java.util.logging.manager = org.jboss.logmanager.LogManager
	java.vendor = AdoptOpenJDK
	java.vendor.url = https://adoptopenjdk.net/
	java.vendor.url.bug = https://github.com/AdoptOpenJDK/openjdk-support/issues
	java.vendor.version = AdoptOpenJDK
	java.version = 11.0.9
	java.version.date = 2020-10-20
	java.vm.compressedOopsMode = Zero based
	java.vm.info = mixed mode
	java.vm.name = OpenJDK 64-Bit Server VM
	java.vm.specification.name = Java Virtual Machine Specification
	java.vm.specification.vendor = Oracle Corporation
	java.vm.specification.version = 11
	java.vm.vendor = AdoptOpenJDK
	java.vm.version = 11.0.9+11
	javax.management.builder.initial = org.jboss.as.jmx.PluggableMBeanServerBuilder
	jboss.home.dir = /Users/everton.savio/Github/Oauth2-Microservices-Spring/authorization-server/keycloak-11.0.3
	jboss.host.name = mac-mini-de-mac
	jboss.modules.dir = /Users/everton.savio/Github/Oauth2-Microservices-Spring/authorization-server/keycloak-11.0.3/modules
	jboss.modules.system.pkgs = org.jboss.byteman
	jboss.node.name = mac-mini-de-mac
	jboss.qualified.host.name = mac-mini-de-mac.local
	jboss.server.base.dir = /Users/everton.savio/Github/Oauth2-Microservices-Spring/authorization-server/keycloak-11.0.3/standalone
	jboss.server.config.dir = /Users/everton.savio/Github/Oauth2-Microservices-Spring/authorization-server/keycloak-11.0.3/standalone/configuration
	jboss.server.data.dir = /Users/everton.savio/Github/Oauth2-Microservices-Spring/authorization-server/keycloak-11.0.3/standalone/data
	jboss.server.deploy.dir = /Users/everton.savio/Github/Oauth2-Microservices-Spring/authorization-server/keycloak-11.0.3/standalone/data/content
	jboss.server.log.dir = /Users/everton.savio/Github/Oauth2-Microservices-Spring/authorization-server/keycloak-11.0.3/standalone/log
	jboss.server.name = mac-mini-de-mac
	jboss.server.persist.config = true
	jboss.server.temp.dir = /Users/everton.savio/Github/Oauth2-Microservices-Spring/authorization-server/keycloak-11.0.3/standalone/tmp
	jdk.debug = release
	line.separator = 

	logging.configuration = file:/Users/everton.savio/Github/Oauth2-Microservices-Spring/authorization-server/keycloak-11.0.3/standalone/configuration/logging.properties
	module.path = /Users/everton.savio/Github/Oauth2-Microservices-Spring/authorization-server/keycloak-11.0.3/modules
	org.jboss.boot.log.file = /Users/everton.savio/Github/Oauth2-Microservices-Spring/authorization-server/keycloak-11.0.3/standalone/log/server.log
	org.jboss.resolver.warning = true
	os.arch = x86_64
	os.name = Mac OS X
	os.version = 10.15.7
	path.separator = :
	socksNonProxyHosts = local|*.local|169.254/16|*.169.254/16
	sun.arch.data.model = 64
	sun.boot.library.path = /Library/Java/JavaVirtualMachines/adoptopenjdk-11.jdk/Contents/Home/lib
	sun.cpu.endian = little
	sun.cpu.isalist = 
	sun.io.unicode.encoding = UnicodeBig
	sun.java.command = /Users/everton.savio/Github/Oauth2-Microservices-Spring/authorization-server/keycloak-11.0.3/jboss-modules.jar -mp /Users/everton.savio/Github/Oauth2-Microservices-Spring/authorization-server/keycloak-11.0.3/modules org.jboss.as.standalone -Djboss.home.dir=/Users/everton.savio/Github/Oauth2-Microservices-Spring/authorization-server/keycloak-11.0.3 -Djboss.server.base.dir=/Users/everton.savio/Github/Oauth2-Microservices-Spring/authorization-server/keycloak-11.0.3/standalone
	sun.java.launcher = SUN_STANDARD
	sun.jnu.encoding = UTF-8
	sun.management.compiler = HotSpot 64-Bit Tiered Compilers
	sun.os.patch.level = unknown
	user.country = BR
	user.dir = /Users/everton.savio/Github/Oauth2-Microservices-Spring/authorization-server/keycloak-11.0.3/bin
	user.home = /Users/everton.savio
	user.language = pt
	user.name = everton.savio
	user.timezone = America/Sao_Paulo
2020-12-16 08:08:22,536 DEBUG [org.jboss.as.config] (MSC service thread 1-2) VM Arguments: -D[Standalone] -Xms64m -Xmx512m -XX:MetaspaceSize=96M -XX:MaxMetaspaceSize=256m -Djava.net.preferIPv4Stack=true -Djboss.modules.system.pkgs=org.jboss.byteman -Djava.awt.headless=true --add-exports=java.base/sun.nio.ch=ALL-UNNAMED --add-exports=jdk.unsupported/sun.misc=ALL-UNNAMED --add-exports=jdk.unsupported/sun.reflect=ALL-UNNAMED -Dorg.jboss.boot.log.file=/Users/everton.savio/Github/Oauth2-Microservices-Spring/authorization-server/keycloak-11.0.3/standalone/log/server.log -Dlogging.configuration=file:/Users/everton.savio/Github/Oauth2-Microservices-Spring/authorization-server/keycloak-11.0.3/standalone/configuration/logging.properties 
2020-12-16 08:08:23,539 INFO  [org.wildfly.security] (ServerService Thread Pool -- 20) ELY00001: WildFly Elytron version 1.12.1.Final
2020-12-16 08:08:24,270 INFO  [org.jboss.as.controller.management-deprecated] (Controller Boot Thread) WFLYCTL0028: Attribute 'security-realm' in the resource at address '/core-service=management/management-interface=http-interface' is deprecated, and may be removed in a future version. See the attribute description in the output of the read-resource-description operation to learn more about the deprecation.
2020-12-16 08:08:24,307 INFO  [org.jboss.as.controller.management-deprecated] (ServerService Thread Pool -- 12) WFLYCTL0028: Attribute 'security-realm' in the resource at address '/subsystem=undertow/server=default-server/https-listener=https' is deprecated, and may be removed in a future version. See the attribute description in the output of the read-resource-description operation to learn more about the deprecation.
2020-12-16 08:08:24,434 INFO  [org.jboss.as.server] (Controller Boot Thread) WFLYSRV0039: Creating http management service using socket-binding (management-http)
2020-12-16 08:08:24,458 INFO  [org.xnio] (MSC service thread 1-6) XNIO version 3.8.1.Final
2020-12-16 08:08:24,467 INFO  [org.xnio.nio] (MSC service thread 1-6) XNIO NIO Implementation Version 3.8.1.Final
2020-12-16 08:08:24,497 INFO  [org.jboss.as.clustering.infinispan] (ServerService Thread Pool -- 37) WFLYCLINF0001: Activating Infinispan subsystem.
2020-12-16 08:08:24,500 INFO  [org.wildfly.extension.microprofile.config.smallrye._private] (ServerService Thread Pool -- 45) WFLYCONF0001: Activating WildFly MicroProfile Config Subsystem
2020-12-16 08:08:24,501 WARN  [org.jboss.as.txn] (ServerService Thread Pool -- 53) WFLYTX0013: The node-identifier attribute on the /subsystem=transactions is set to the default value. This is a danger for environments running multiple servers. Please make sure the attribute value is unique.
2020-12-16 08:08:24,513 INFO  [org.wildfly.extension.io] (ServerService Thread Pool -- 38) WFLYIO001: Worker 'default' has auto-configured to 16 IO threads with 128 max task threads based on your 8 available processors
2020-12-16 08:08:24,516 INFO  [org.jboss.as.security] (ServerService Thread Pool -- 51) WFLYSEC0002: Activating Security Subsystem
2020-12-16 08:08:24,520 INFO  [org.jboss.as.security] (MSC service thread 1-7) WFLYSEC0001: Current PicketBox version=5.0.3.Final-redhat-00005
2020-12-16 08:08:24,524 INFO  [org.jboss.as.naming] (ServerService Thread Pool -- 48) WFLYNAM0001: Activating Naming Subsystem
2020-12-16 08:08:24,528 INFO  [org.wildfly.extension.microprofile.health.smallrye] (ServerService Thread Pool -- 46) WFLYHEALTH0001: Activating Eclipse MicroProfile Health Subsystem
2020-12-16 08:08:24,530 INFO  [org.jboss.as.jaxrs] (ServerService Thread Pool -- 39) WFLYRS0016: RESTEasy version 3.12.1.Final
2020-12-16 08:08:24,531 INFO  [org.jboss.as.connector] (MSC service thread 1-5) WFLYJCA0009: Starting JCA Subsystem (WildFly/IronJacamar 1.4.22.Final)
2020-12-16 08:08:24,536 INFO  [org.wildfly.extension.microprofile.metrics.smallrye] (ServerService Thread Pool -- 47) WFLYMETRICS0001: Activating Eclipse MicroProfile Metrics Subsystem
2020-12-16 08:08:24,560 INFO  [org.wildfly.extension.undertow] (MSC service thread 1-4) WFLYUT0003: Undertow 2.1.3.Final starting
2020-12-16 08:08:24,575 INFO  [org.jboss.as.naming] (MSC service thread 1-2) WFLYNAM0003: Starting Naming Service
2020-12-16 08:08:24,582 INFO  [org.jboss.as.mail.extension] (MSC service thread 1-3) WFLYMAIL0001: Bound mail session [java:jboss/mail/Default]
2020-12-16 08:08:24,585 WARN  [org.wildfly.clustering.web.undertow] (ServerService Thread Pool -- 54) WFLYCLWEBUT0007: No routing provider found for default-server; using legacy provider based on static configuration
2020-12-16 08:08:24,595 INFO  [org.jboss.as.connector.subsystems.datasources] (ServerService Thread Pool -- 32) WFLYJCA0004: Deploying JDBC-compliant driver class org.h2.Driver (version 1.4)
2020-12-16 08:08:24,621 INFO  [org.jboss.as.connector.deployers.jdbc] (MSC service thread 1-7) WFLYJCA0018: Started Driver service with driver-name = h2
2020-12-16 08:08:24,698 INFO  [org.jboss.remoting] (MSC service thread 1-7) JBoss Remoting version 5.0.18.Final
2020-12-16 08:08:24,713 INFO  [org.wildfly.extension.undertow] (ServerService Thread Pool -- 54) WFLYUT0014: Creating file handler for path '/Users/everton.savio/Github/Oauth2-Microservices-Spring/authorization-server/keycloak-11.0.3/welcome-content' with options [directory-listing: 'false', follow-symlink: 'false', case-sensitive: 'true', safe-symlink-paths: '[]']
2020-12-16 08:08:24,756 INFO  [org.wildfly.extension.undertow] (MSC service thread 1-7) WFLYUT0012: Started server default-server.
2020-12-16 08:08:24,791 INFO  [org.wildfly.extension.undertow] (MSC service thread 1-8) WFLYUT0018: Host default-host starting
2020-12-16 08:08:24,794 INFO  [org.jboss.as.ejb3] (MSC service thread 1-4) WFLYEJB0481: Strict pool slsb-strict-max-pool is using a max instance size of 128 (per class), which is derived from thread worker pool sizing.
2020-12-16 08:08:24,796 INFO  [org.jboss.as.ejb3] (MSC service thread 1-1) WFLYEJB0482: Strict pool mdb-strict-max-pool is using a max instance size of 32 (per class), which is derived from the number of CPUs on this host.
2020-12-16 08:08:24,920 INFO  [org.wildfly.extension.undertow] (MSC service thread 1-6) WFLYUT0006: Undertow HTTP listener default listening on 127.0.0.1:8080
2020-12-16 08:08:25,022 INFO  [org.jboss.as.ejb3] (MSC service thread 1-8) WFLYEJB0493: EJB subsystem suspension complete
2020-12-16 08:08:25,109 INFO  [org.jboss.as.connector.subsystems.datasources] (MSC service thread 1-8) WFLYJCA0001: Bound data source [java:jboss/datasources/KeycloakDS]
2020-12-16 08:08:25,111 INFO  [org.jboss.as.connector.subsystems.datasources] (MSC service thread 1-2) WFLYJCA0001: Bound data source [java:jboss/datasources/ExampleDS]
2020-12-16 08:08:25,185 INFO  [org.jboss.as.patching] (MSC service thread 1-7) WFLYPAT0050: Keycloak cumulative patch ID is: base, one-off patches include: none
2020-12-16 08:08:25,206 WARN  [org.jboss.as.domain.management.security] (MSC service thread 1-1) WFLYDM0111: Keystore /Users/everton.savio/Github/Oauth2-Microservices-Spring/authorization-server/keycloak-11.0.3/standalone/configuration/application.keystore not found, it will be auto generated on first use with a self signed certificate for host localhost
2020-12-16 08:08:25,213 INFO  [org.jboss.as.server.deployment.scanner] (MSC service thread 1-6) WFLYDS0013: Started FileSystemDeploymentService for directory /Users/everton.savio/Github/Oauth2-Microservices-Spring/authorization-server/keycloak-11.0.3/standalone/deployments
2020-12-16 08:08:25,240 INFO  [org.jboss.as.server.deployment] (MSC service thread 1-5) WFLYSRV0027: Starting deployment of "keycloak-server.war" (runtime-name: "keycloak-server.war")
2020-12-16 08:08:25,240 INFO  [org.jboss.as.server.deployment] (MSC service thread 1-4) WFLYSRV0027: Starting deployment of "remote-postgres-spi.jar" (runtime-name: "remote-postgres-spi.jar")
2020-12-16 08:08:25,373 INFO  [org.wildfly.extension.undertow] (MSC service thread 1-5) WFLYUT0006: Undertow HTTPS listener https listening on 127.0.0.1:8443
2020-12-16 08:08:25,839 INFO  [org.keycloak.subsystem.server.extension.KeycloakProviderDeploymentProcessor] (MSC service thread 1-1) Deploying Keycloak provider: remote-postgres-spi.jar
2020-12-16 08:08:26,396 INFO  [org.infinispan.PERSISTENCE] (MSC service thread 1-5) ISPN000556: Starting user marshaller 'org.wildfly.clustering.infinispan.marshalling.jboss.JBossMarshaller'
2020-12-16 08:08:26,396 INFO  [org.infinispan.PERSISTENCE] (MSC service thread 1-2) ISPN000556: Starting user marshaller 'org.wildfly.clustering.infinispan.marshalling.jboss.JBossMarshaller'
2020-12-16 08:08:26,422 INFO  [org.infinispan.CONTAINER] (MSC service thread 1-2) ISPN000128: Infinispan version: Infinispan 'Turia' 10.1.8.Final
2020-12-16 08:08:26,720 INFO  [org.jboss.as.clustering.infinispan] (ServerService Thread Pool -- 65) WFLYCLINF0002: Started authenticationSessions cache from keycloak container
2020-12-16 08:08:26,720 INFO  [org.jboss.as.clustering.infinispan] (ServerService Thread Pool -- 57) WFLYCLINF0002: Started clientSessions cache from keycloak container
2020-12-16 08:08:26,720 INFO  [org.jboss.as.clustering.infinispan] (ServerService Thread Pool -- 68) WFLYCLINF0002: Started work cache from keycloak container
2020-12-16 08:08:26,720 INFO  [org.jboss.as.clustering.infinispan] (ServerService Thread Pool -- 67) WFLYCLINF0002: Started loginFailures cache from keycloak container
2020-12-16 08:08:26,720 INFO  [org.jboss.as.clustering.infinispan] (ServerService Thread Pool -- 59) WFLYCLINF0002: Started actionTokens cache from keycloak container
2020-12-16 08:08:26,720 INFO  [org.jboss.as.clustering.infinispan] (ServerService Thread Pool -- 58) WFLYCLINF0002: Started offlineClientSessions cache from keycloak container
2020-12-16 08:08:26,720 INFO  [org.jboss.as.clustering.infinispan] (ServerService Thread Pool -- 61) WFLYCLINF0002: Started offlineSessions cache from keycloak container
2020-12-16 08:08:26,720 INFO  [org.jboss.as.clustering.infinispan] (ServerService Thread Pool -- 60) WFLYCLINF0002: Started sessions cache from keycloak container
2020-12-16 08:08:26,736 INFO  [org.jboss.as.clustering.infinispan] (ServerService Thread Pool -- 56) WFLYCLINF0002: Started client-mappings cache from ejb container
2020-12-16 08:08:26,766 INFO  [org.jboss.as.clustering.infinispan] (ServerService Thread Pool -- 66) WFLYCLINF0002: Started authorization cache from keycloak container
2020-12-16 08:08:26,766 INFO  [org.jboss.as.clustering.infinispan] (ServerService Thread Pool -- 64) WFLYCLINF0002: Started keys cache from keycloak container
2020-12-16 08:08:26,766 INFO  [org.jboss.as.clustering.infinispan] (ServerService Thread Pool -- 62) WFLYCLINF0002: Started users cache from keycloak container
2020-12-16 08:08:26,766 INFO  [org.jboss.as.clustering.infinispan] (ServerService Thread Pool -- 63) WFLYCLINF0002: Started realms cache from keycloak container
2020-12-16 08:08:26,927 WARN  [org.jboss.as.server.deployment] (MSC service thread 1-3) WFLYSRV0273: Excluded subsystem webservices via jboss-deployment-structure.xml does not exist.
2020-12-16 08:08:27,797 INFO  [org.keycloak.services] (ServerService Thread Pool -- 64) KC-SERVICES0001: Loading config from standalone.xml or domain.xml
2020-12-16 08:08:28,054 INFO  [org.keycloak.url.DefaultHostnameProviderFactory] (ServerService Thread Pool -- 64) Frontend: <request>, Admin: <frontend>, Backend: <request>
2020-12-16 08:08:28,582 INFO  [org.jboss.as.clustering.infinispan] (ServerService Thread Pool -- 64) WFLYCLINF0002: Started realmRevisions cache from keycloak container
2020-12-16 08:08:28,586 INFO  [org.jboss.as.clustering.infinispan] (ServerService Thread Pool -- 64) WFLYCLINF0002: Started userRevisions cache from keycloak container
2020-12-16 08:08:28,589 INFO  [org.jboss.as.clustering.infinispan] (ServerService Thread Pool -- 64) WFLYCLINF0002: Started authorizationRevisions cache from keycloak container
2020-12-16 08:08:28,590 INFO  [org.keycloak.connections.infinispan.DefaultInfinispanConnectionProviderFactory] (ServerService Thread Pool -- 64) Node name: mac-mini-de-mac, Site name: null
2020-12-16 08:08:31,853 INFO  [org.hibernate.jpa.internal.util.LogHelper] (ServerService Thread Pool -- 64) HHH000204: Processing PersistenceUnitInfo [
	name: keycloak-default
	...]
2020-12-16 08:08:31,963 INFO  [org.hibernate.Version] (ServerService Thread Pool -- 64) HHH000412: Hibernate Core {5.3.17.Final}
2020-12-16 08:08:31,965 INFO  [org.hibernate.cfg.Environment] (ServerService Thread Pool -- 64) HHH000206: hibernate.properties not found
2020-12-16 08:08:32,185 INFO  [org.hibernate.annotations.common.Version] (ServerService Thread Pool -- 64) HCANN000001: Hibernate Commons Annotations {5.0.5.Final}
2020-12-16 08:08:32,428 INFO  [org.hibernate.dialect.Dialect] (ServerService Thread Pool -- 64) HHH000400: Using dialect: org.hibernate.dialect.H2Dialect
2020-12-16 08:08:32,449 WARN  [org.hibernate.dialect.H2Dialect] (ServerService Thread Pool -- 64) HHH000431: Unable to determine H2 database version, certain features may not work
2020-12-16 08:08:32,516 INFO  [org.hibernate.envers.boot.internal.EnversServiceImpl] (ServerService Thread Pool -- 64) Envers integration enabled? : true
2020-12-16 08:08:33,133 INFO  [org.hibernate.orm.beans] (ServerService Thread Pool -- 64) HHH10005002: No explicit CDI BeanManager reference was passed to Hibernate, but CDI is available on the Hibernate ClassLoader.
2020-12-16 08:08:33,220 INFO  [org.hibernate.validator.internal.util.Version] (ServerService Thread Pool -- 64) HV000001: Hibernate Validator 6.0.20.Final
2020-12-16 08:08:34,719 INFO  [org.hibernate.hql.internal.QueryTranslatorFactoryInitiator] (ServerService Thread Pool -- 64) HHH000397: Using ASTQueryTranslatorFactory
2020-12-16 08:08:35,617 INFO  [org.jboss.resteasy.resteasy_jaxrs.i18n] (ServerService Thread Pool -- 64) RESTEASY002225: Deploying javax.ws.rs.core.Application: class org.keycloak.services.resources.KeycloakApplication
2020-12-16 08:08:35,619 INFO  [org.jboss.resteasy.resteasy_jaxrs.i18n] (ServerService Thread Pool -- 64) RESTEASY002200: Adding class resource org.keycloak.services.resources.JsResource from Application class org.keycloak.services.resources.KeycloakApplication
2020-12-16 08:08:35,620 INFO  [org.jboss.resteasy.resteasy_jaxrs.i18n] (ServerService Thread Pool -- 64) RESTEASY002205: Adding provider class org.keycloak.services.filters.KeycloakSecurityHeadersFilter from Application class org.keycloak.services.resources.KeycloakApplication
2020-12-16 08:08:35,620 INFO  [org.jboss.resteasy.resteasy_jaxrs.i18n] (ServerService Thread Pool -- 64) RESTEASY002200: Adding class resource org.keycloak.services.resources.ThemeResource from Application class org.keycloak.services.resources.KeycloakApplication
2020-12-16 08:08:35,621 INFO  [org.jboss.resteasy.resteasy_jaxrs.i18n] (ServerService Thread Pool -- 64) RESTEASY002205: Adding provider class org.keycloak.services.error.KeycloakErrorHandler from Application class org.keycloak.services.resources.KeycloakApplication
2020-12-16 08:08:35,621 INFO  [org.jboss.resteasy.resteasy_jaxrs.i18n] (ServerService Thread Pool -- 64) RESTEASY002220: Adding singleton resource org.keycloak.services.resources.RobotsResource from Application class org.keycloak.services.resources.KeycloakApplication
2020-12-16 08:08:35,621 INFO  [org.jboss.resteasy.resteasy_jaxrs.i18n] (ServerService Thread Pool -- 64) RESTEASY002220: Adding singleton resource org.keycloak.services.resources.admin.AdminRoot from Application class org.keycloak.services.resources.KeycloakApplication
2020-12-16 08:08:35,621 INFO  [org.jboss.resteasy.resteasy_jaxrs.i18n] (ServerService Thread Pool -- 64) RESTEASY002220: Adding singleton resource org.keycloak.services.resources.WelcomeResource from Application class org.keycloak.services.resources.KeycloakApplication
2020-12-16 08:08:35,621 INFO  [org.jboss.resteasy.resteasy_jaxrs.i18n] (ServerService Thread Pool -- 64) RESTEASY002210: Adding provider singleton org.keycloak.services.util.ObjectMapperResolver from Application class org.keycloak.services.resources.KeycloakApplication
2020-12-16 08:08:35,622 INFO  [org.jboss.resteasy.resteasy_jaxrs.i18n] (ServerService Thread Pool -- 64) RESTEASY002220: Adding singleton resource org.keycloak.services.resources.RealmsResource from Application class org.keycloak.services.resources.KeycloakApplication
2020-12-16 08:08:35,735 INFO  [org.wildfly.extension.undertow] (ServerService Thread Pool -- 64) WFLYUT0021: Registered web context: '/auth' for server 'default-server'
2020-12-16 08:08:35,832 INFO  [org.jboss.as.server] (ServerService Thread Pool -- 33) WFLYSRV0010: Deployed "remote-postgres-spi.jar" (runtime-name : "remote-postgres-spi.jar")
2020-12-16 08:08:35,833 INFO  [org.jboss.as.server] (ServerService Thread Pool -- 43) WFLYSRV0010: Deployed "keycloak-server.war" (runtime-name : "keycloak-server.war")
2020-12-16 08:08:35,906 INFO  [org.jboss.as.server] (Controller Boot Thread) WFLYSRV0212: Resuming server
2020-12-16 08:08:35,910 INFO  [org.jboss.as] (Controller Boot Thread) WFLYSRV0025: Keycloak 11.0.3 (WildFly Core 12.0.3.Final) started in 15237ms - Started 632 of 931 services (604 services are lazy, passive or on-demand)
2020-12-16 08:08:35,913 INFO  [org.jboss.as] (Controller Boot Thread) WFLYSRV0060: Http management interface listening on http://127.0.0.1:9990/management
2020-12-16 08:08:35,913 INFO  [org.jboss.as] (Controller Boot Thread) WFLYSRV0051: Admin console listening on http://127.0.0.1:9990
2020-12-16 08:12:28,013 WARN  [org.keycloak.services] (default task-3) KC-SERVICES0013: Failed authentication: java.lang.NullPointerException: RESTEASY004690: Parameter annotated with PathParam cannot be null
	at java.base/java.util.Objects.requireNonNull(Objects.java:246)
	at org.jboss.resteasy.resteasy-jaxrs@3.12.1.Final//org.jboss.resteasy.client.jaxrs.internal.proxy.processors.webtarget.PathParamProcessor.build(PathParamProcessor.java:35)
	at org.jboss.resteasy.resteasy-jaxrs@3.12.1.Final//org.jboss.resteasy.client.jaxrs.internal.proxy.ClientInvoker.createRequest(ClientInvoker.java:162)
	at org.jboss.resteasy.resteasy-jaxrs@3.12.1.Final//org.jboss.resteasy.client.jaxrs.internal.proxy.ClientInvoker.invokeSync(ClientInvoker.java:148)
	at org.jboss.resteasy.resteasy-jaxrs@3.12.1.Final//org.jboss.resteasy.client.jaxrs.internal.proxy.ClientInvoker.invoke(ClientInvoker.java:112)
	at org.jboss.resteasy.resteasy-jaxrs@3.12.1.Final//org.jboss.resteasy.client.jaxrs.internal.proxy.ClientProxy.invoke(ClientProxy.java:76)
	at deployment.remote-postgres-spi.jar//com.sun.proxy.$Proxy111.verifyUserPassword(Unknown Source)
	at deployment.remote-postgres-spi.jar//dev.evertonsavio.keycloak.RemoteUserStorageProvider.isValid(RemoteUserStorageProvider.java:79)
	at org.keycloak.keycloak-services@11.0.3//org.keycloak.credential.UserCredentialStoreManager.isValid(UserCredentialStoreManager.java:158)
	at org.keycloak.keycloak-services@11.0.3//org.keycloak.credential.UserCredentialStoreManager.isValid(UserCredentialStoreManager.java:112)
	at org.keycloak.keycloak-services@11.0.3//org.keycloak.authentication.authenticators.browser.AbstractUsernameFormAuthenticator.validatePassword(AbstractUsernameFormAuthenticator.java:199)
	at org.keycloak.keycloak-services@11.0.3//org.keycloak.authentication.authenticators.browser.AbstractUsernameFormAuthenticator.validatePassword(AbstractUsernameFormAuthenticator.java:188)
	at org.keycloak.keycloak-services@11.0.3//org.keycloak.authentication.authenticators.browser.AbstractUsernameFormAuthenticator.validateUserAndPassword(AbstractUsernameFormAuthenticator.java:128)
	at org.keycloak.keycloak-services@11.0.3//org.keycloak.authentication.authenticators.browser.UsernamePasswordForm.validateForm(UsernamePasswordForm.java:55)
	at org.keycloak.keycloak-services@11.0.3//org.keycloak.authentication.authenticators.browser.UsernamePasswordForm.action(UsernamePasswordForm.java:48)
	at org.keycloak.keycloak-services@11.0.3//org.keycloak.authentication.DefaultAuthenticationFlow.processAction(DefaultAuthenticationFlow.java:160)
	at org.keycloak.keycloak-services@11.0.3//org.keycloak.authentication.AuthenticationProcessor.authenticationAction(AuthenticationProcessor.java:938)
	at org.keycloak.keycloak-services@11.0.3//org.keycloak.services.resources.LoginActionsService.processFlow(LoginActionsService.java:311)
	at org.keycloak.keycloak-services@11.0.3//org.keycloak.services.resources.LoginActionsService.processAuthentication(LoginActionsService.java:282)
	at org.keycloak.keycloak-services@11.0.3//org.keycloak.services.resources.LoginActionsService.authenticate(LoginActionsService.java:266)
	at org.keycloak.keycloak-services@11.0.3//org.keycloak.services.resources.LoginActionsService.authenticateForm(LoginActionsService.java:339)
	at java.base/jdk.internal.reflect.NativeMethodAccessorImpl.invoke0(Native Method)
	at java.base/jdk.internal.reflect.NativeMethodAccessorImpl.invoke(NativeMethodAccessorImpl.java:62)
	at java.base/jdk.internal.reflect.DelegatingMethodAccessorImpl.invoke(DelegatingMethodAccessorImpl.java:43)
	at java.base/java.lang.reflect.Method.invoke(Method.java:566)
	at org.jboss.resteasy.resteasy-jaxrs@3.12.1.Final//org.jboss.resteasy.core.MethodInjectorImpl.invoke(MethodInjectorImpl.java:138)
	at org.jboss.resteasy.resteasy-jaxrs@3.12.1.Final//org.jboss.resteasy.core.ResourceMethodInvoker.internalInvokeOnTarget(ResourceMethodInvoker.java:543)
	at org.jboss.resteasy.resteasy-jaxrs@3.12.1.Final//org.jboss.resteasy.core.ResourceMethodInvoker.invokeOnTargetAfterFilter(ResourceMethodInvoker.java:432)
	at org.jboss.resteasy.resteasy-jaxrs@3.12.1.Final//org.jboss.resteasy.core.ResourceMethodInvoker.lambda$invokeOnTarget$0(ResourceMethodInvoker.java:393)
	at org.jboss.resteasy.resteasy-jaxrs@3.12.1.Final//org.jboss.resteasy.core.interception.PreMatchContainerRequestContext.filter(PreMatchContainerRequestContext.java:358)
	at org.jboss.resteasy.resteasy-jaxrs@3.12.1.Final//org.jboss.resteasy.core.ResourceMethodInvoker.invokeOnTarget(ResourceMethodInvoker.java:395)
	at org.jboss.resteasy.resteasy-jaxrs@3.12.1.Final//org.jboss.resteasy.core.ResourceMethodInvoker.invoke(ResourceMethodInvoker.java:364)
	at org.jboss.resteasy.resteasy-jaxrs@3.12.1.Final//org.jboss.resteasy.core.ResourceLocatorInvoker.invokeOnTargetObject(ResourceLocatorInvoker.java:150)
	at org.jboss.resteasy.resteasy-jaxrs@3.12.1.Final//org.jboss.resteasy.core.ResourceLocatorInvoker.invoke(ResourceLocatorInvoker.java:104)
	at org.jboss.resteasy.resteasy-jaxrs@3.12.1.Final//org.jboss.resteasy.core.SynchronousDispatcher.invoke(SynchronousDispatcher.java:440)
	at org.jboss.resteasy.resteasy-jaxrs@3.12.1.Final//org.jboss.resteasy.core.SynchronousDispatcher.lambda$invoke$4(SynchronousDispatcher.java:229)
	at org.jboss.resteasy.resteasy-jaxrs@3.12.1.Final//org.jboss.resteasy.core.SynchronousDispatcher.lambda$preprocess$0(SynchronousDispatcher.java:135)
	at org.jboss.resteasy.resteasy-jaxrs@3.12.1.Final//org.jboss.resteasy.core.interception.PreMatchContainerRequestContext.filter(PreMatchContainerRequestContext.java:358)
	at org.jboss.resteasy.resteasy-jaxrs@3.12.1.Final//org.jboss.resteasy.core.SynchronousDispatcher.preprocess(SynchronousDispatcher.java:138)
	at org.jboss.resteasy.resteasy-jaxrs@3.12.1.Final//org.jboss.resteasy.core.SynchronousDispatcher.invoke(SynchronousDispatcher.java:215)
	at org.jboss.resteasy.resteasy-jaxrs@3.12.1.Final//org.jboss.resteasy.plugins.server.servlet.ServletContainerDispatcher.service(ServletContainerDispatcher.java:245)
	at org.jboss.resteasy.resteasy-jaxrs@3.12.1.Final//org.jboss.resteasy.plugins.server.servlet.HttpServletDispatcher.service(HttpServletDispatcher.java:61)
	at org.jboss.resteasy.resteasy-jaxrs@3.12.1.Final//org.jboss.resteasy.plugins.server.servlet.HttpServletDispatcher.service(HttpServletDispatcher.java:56)
	at javax.servlet.api@2.0.0.Final//javax.servlet.http.HttpServlet.service(HttpServlet.java:590)
	at io.undertow.servlet@2.1.3.Final//io.undertow.servlet.handlers.ServletHandler.handleRequest(ServletHandler.java:74)
	at io.undertow.servlet@2.1.3.Final//io.undertow.servlet.handlers.FilterHandler$FilterChainImpl.doFilter(FilterHandler.java:129)
	at org.keycloak.keycloak-wildfly-extensions@11.0.3//org.keycloak.provider.wildfly.WildFlyRequestFilter.lambda$doFilter$0(WildFlyRequestFilter.java:41)
	at org.keycloak.keycloak-services@11.0.3//org.keycloak.services.filters.AbstractRequestFilter.filter(AbstractRequestFilter.java:43)
	at org.keycloak.keycloak-wildfly-extensions@11.0.3//org.keycloak.provider.wildfly.WildFlyRequestFilter.doFilter(WildFlyRequestFilter.java:39)
	at io.undertow.servlet@2.1.3.Final//io.undertow.servlet.core.ManagedFilter.doFilter(ManagedFilter.java:61)
	at io.undertow.servlet@2.1.3.Final//io.undertow.servlet.handlers.FilterHandler$FilterChainImpl.doFilter(FilterHandler.java:131)
	at io.undertow.servlet@2.1.3.Final//io.undertow.servlet.handlers.FilterHandler.handleRequest(FilterHandler.java:84)
	at io.undertow.servlet@2.1.3.Final//io.undertow.servlet.handlers.security.ServletSecurityRoleHandler.handleRequest(ServletSecurityRoleHandler.java:62)
	at io.undertow.servlet@2.1.3.Final//io.undertow.servlet.handlers.ServletChain$1.handleRequest(ServletChain.java:68)
	at io.undertow.servlet@2.1.3.Final//io.undertow.servlet.handlers.ServletDispatchingHandler.handleRequest(ServletDispatchingHandler.java:36)
	at org.wildfly.extension.undertow@20.0.1.Final//org.wildfly.extension.undertow.security.SecurityContextAssociationHandler.handleRequest(SecurityContextAssociationHandler.java:78)
	at io.undertow.core@2.1.3.Final//io.undertow.server.handlers.PredicateHandler.handleRequest(PredicateHandler.java:43)
	at io.undertow.servlet@2.1.3.Final//io.undertow.servlet.handlers.RedirectDirHandler.handleRequest(RedirectDirHandler.java:68)
	at io.undertow.servlet@2.1.3.Final//io.undertow.servlet.handlers.security.SSLInformationAssociationHandler.handleRequest(SSLInformationAssociationHandler.java:132)
	at io.undertow.servlet@2.1.3.Final//io.undertow.servlet.handlers.security.ServletAuthenticationCallHandler.handleRequest(ServletAuthenticationCallHandler.java:57)
	at io.undertow.core@2.1.3.Final//io.undertow.server.handlers.PredicateHandler.handleRequest(PredicateHandler.java:43)
	at io.undertow.core@2.1.3.Final//io.undertow.security.handlers.AbstractConfidentialityHandler.handleRequest(AbstractConfidentialityHandler.java:46)
	at io.undertow.servlet@2.1.3.Final//io.undertow.servlet.handlers.security.ServletConfidentialityConstraintHandler.handleRequest(ServletConfidentialityConstraintHandler.java:64)
	at io.undertow.core@2.1.3.Final//io.undertow.security.handlers.AuthenticationMechanismsHandler.handleRequest(AuthenticationMechanismsHandler.java:60)
	at io.undertow.servlet@2.1.3.Final//io.undertow.servlet.handlers.security.CachedAuthenticatedSessionHandler.handleRequest(CachedAuthenticatedSessionHandler.java:77)
	at io.undertow.core@2.1.3.Final//io.undertow.security.handlers.NotificationReceiverHandler.handleRequest(NotificationReceiverHandler.java:50)
	at io.undertow.core@2.1.3.Final//io.undertow.security.handlers.AbstractSecurityContextAssociationHandler.handleRequest(AbstractSecurityContextAssociationHandler.java:43)
	at io.undertow.core@2.1.3.Final//io.undertow.server.handlers.PredicateHandler.handleRequest(PredicateHandler.java:43)
	at org.wildfly.extension.undertow@20.0.1.Final//org.wildfly.extension.undertow.security.jacc.JACCContextIdHandler.handleRequest(JACCContextIdHandler.java:61)
	at io.undertow.core@2.1.3.Final//io.undertow.server.handlers.PredicateHandler.handleRequest(PredicateHandler.java:43)
	at org.wildfly.extension.undertow@20.0.1.Final//org.wildfly.extension.undertow.deployment.GlobalRequestControllerHandler.handleRequest(GlobalRequestControllerHandler.java:68)
	at io.undertow.core@2.1.3.Final//io.undertow.server.handlers.PredicateHandler.handleRequest(PredicateHandler.java:43)
	at io.undertow.servlet@2.1.3.Final//io.undertow.servlet.handlers.ServletInitialHandler.handleFirstRequest(ServletInitialHandler.java:269)
	at io.undertow.servlet@2.1.3.Final//io.undertow.servlet.handlers.ServletInitialHandler.access$100(ServletInitialHandler.java:78)
	at io.undertow.servlet@2.1.3.Final//io.undertow.servlet.handlers.ServletInitialHandler$2.call(ServletInitialHandler.java:133)
	at io.undertow.servlet@2.1.3.Final//io.undertow.servlet.handlers.ServletInitialHandler$2.call(ServletInitialHandler.java:130)
	at io.undertow.servlet@2.1.3.Final//io.undertow.servlet.core.ServletRequestContextThreadSetupAction$1.call(ServletRequestContextThreadSetupAction.java:48)
	at io.undertow.servlet@2.1.3.Final//io.undertow.servlet.core.ContextClassLoaderSetupAction$1.call(ContextClassLoaderSetupAction.java:43)
	at org.wildfly.extension.undertow@20.0.1.Final//org.wildfly.extension.undertow.security.SecurityContextThreadSetupAction.lambda$create$0(SecurityContextThreadSetupAction.java:105)
	at org.wildfly.extension.undertow@20.0.1.Final//org.wildfly.extension.undertow.deployment.UndertowDeploymentInfoService$UndertowThreadSetupAction.lambda$create$0(UndertowDeploymentInfoService.java:1530)
	at org.wildfly.extension.undertow@20.0.1.Final//org.wildfly.extension.undertow.deployment.UndertowDeploymentInfoService$UndertowThreadSetupAction.lambda$create$0(UndertowDeploymentInfoService.java:1530)
	at org.wildfly.extension.undertow@20.0.1.Final//org.wildfly.extension.undertow.deployment.UndertowDeploymentInfoService$UndertowThreadSetupAction.lambda$create$0(UndertowDeploymentInfoService.java:1530)
	at org.wildfly.extension.undertow@20.0.1.Final//org.wildfly.extension.undertow.deployment.UndertowDeploymentInfoService$UndertowThreadSetupAction.lambda$create$0(UndertowDeploymentInfoService.java:1530)
	at io.undertow.servlet@2.1.3.Final//io.undertow.servlet.handlers.ServletInitialHandler.dispatchRequest(ServletInitialHandler.java:249)
	at io.undertow.servlet@2.1.3.Final//io.undertow.servlet.handlers.ServletInitialHandler.access$000(ServletInitialHandler.java:78)
	at io.undertow.servlet@2.1.3.Final//io.undertow.servlet.handlers.ServletInitialHandler$1.handleRequest(ServletInitialHandler.java:99)
	at io.undertow.core@2.1.3.Final//io.undertow.server.Connectors.executeRootHandler(Connectors.java:370)
	at io.undertow.core@2.1.3.Final//io.undertow.server.HttpServerExchange$1.run(HttpServerExchange.java:830)
	at org.jboss.threads@2.3.3.Final//org.jboss.threads.ContextClassLoaderSavingRunnable.run(ContextClassLoaderSavingRunnable.java:35)
	at org.jboss.threads@2.3.3.Final//org.jboss.threads.EnhancedQueueExecutor.safeRun(EnhancedQueueExecutor.java:1982)
	at org.jboss.threads@2.3.3.Final//org.jboss.threads.EnhancedQueueExecutor$ThreadBody.doRunTask(EnhancedQueueExecutor.java:1486)
	at org.jboss.threads@2.3.3.Final//org.jboss.threads.EnhancedQueueExecutor$ThreadBody.run(EnhancedQueueExecutor.java:1377)
	at java.base/java.lang.Thread.run(Thread.java:834)

2020-12-16 08:12:28,018 WARN  [org.keycloak.events] (default task-3) type=LOGIN_ERROR, realmId=ms-users, clientId=resource-server-client-app, userId=null, ipAddress=127.0.0.1, error=invalid_user_credentials, auth_method=openid-connect, auth_type=code, redirect_uri=http://localhost:8081/callback, code_id=e1a900f5-d485-4e31-bfe3-8d045659772f, username=test@test.com, authSessionParentId=e1a900f5-d485-4e31-bfe3-8d045659772f, authSessionTabId=hjlCcN0U1uk
2020-12-16 08:12:46,383 WARN  [org.keycloak.services] (default task-3) KC-SERVICES0013: Failed authentication: java.lang.NullPointerException: RESTEASY004690: Parameter annotated with PathParam cannot be null
	at java.base/java.util.Objects.requireNonNull(Objects.java:246)
	at org.jboss.resteasy.resteasy-jaxrs@3.12.1.Final//org.jboss.resteasy.client.jaxrs.internal.proxy.processors.webtarget.PathParamProcessor.build(PathParamProcessor.java:35)
	at org.jboss.resteasy.resteasy-jaxrs@3.12.1.Final//org.jboss.resteasy.client.jaxrs.internal.proxy.ClientInvoker.createRequest(ClientInvoker.java:162)
	at org.jboss.resteasy.resteasy-jaxrs@3.12.1.Final//org.jboss.resteasy.client.jaxrs.internal.proxy.ClientInvoker.invokeSync(ClientInvoker.java:148)
	at org.jboss.resteasy.resteasy-jaxrs@3.12.1.Final//org.jboss.resteasy.client.jaxrs.internal.proxy.ClientInvoker.invoke(ClientInvoker.java:112)
	at org.jboss.resteasy.resteasy-jaxrs@3.12.1.Final//org.jboss.resteasy.client.jaxrs.internal.proxy.ClientProxy.invoke(ClientProxy.java:76)
	at deployment.remote-postgres-spi.jar//com.sun.proxy.$Proxy111.verifyUserPassword(Unknown Source)
	at deployment.remote-postgres-spi.jar//dev.evertonsavio.keycloak.RemoteUserStorageProvider.isValid(RemoteUserStorageProvider.java:79)
	at org.keycloak.keycloak-services@11.0.3//org.keycloak.credential.UserCredentialStoreManager.isValid(UserCredentialStoreManager.java:158)
	at org.keycloak.keycloak-services@11.0.3//org.keycloak.credential.UserCredentialStoreManager.isValid(UserCredentialStoreManager.java:112)
	at org.keycloak.keycloak-services@11.0.3//org.keycloak.authentication.authenticators.browser.AbstractUsernameFormAuthenticator.validatePassword(AbstractUsernameFormAuthenticator.java:199)
	at org.keycloak.keycloak-services@11.0.3//org.keycloak.authentication.authenticators.browser.AbstractUsernameFormAuthenticator.validatePassword(AbstractUsernameFormAuthenticator.java:188)
	at org.keycloak.keycloak-services@11.0.3//org.keycloak.authentication.authenticators.browser.AbstractUsernameFormAuthenticator.validateUserAndPassword(AbstractUsernameFormAuthenticator.java:128)
	at org.keycloak.keycloak-services@11.0.3//org.keycloak.authentication.authenticators.browser.UsernamePasswordForm.validateForm(UsernamePasswordForm.java:55)
	at org.keycloak.keycloak-services@11.0.3//org.keycloak.authentication.authenticators.browser.UsernamePasswordForm.action(UsernamePasswordForm.java:48)
	at org.keycloak.keycloak-services@11.0.3//org.keycloak.authentication.DefaultAuthenticationFlow.processAction(DefaultAuthenticationFlow.java:160)
	at org.keycloak.keycloak-services@11.0.3//org.keycloak.authentication.AuthenticationProcessor.authenticationAction(AuthenticationProcessor.java:938)
	at org.keycloak.keycloak-services@11.0.3//org.keycloak.services.resources.LoginActionsService.processFlow(LoginActionsService.java:311)
	at org.keycloak.keycloak-services@11.0.3//org.keycloak.services.resources.LoginActionsService.processAuthentication(LoginActionsService.java:282)
	at org.keycloak.keycloak-services@11.0.3//org.keycloak.services.resources.LoginActionsService.authenticate(LoginActionsService.java:266)
	at org.keycloak.keycloak-services@11.0.3//org.keycloak.services.resources.LoginActionsService.authenticateForm(LoginActionsService.java:339)
	at java.base/jdk.internal.reflect.NativeMethodAccessorImpl.invoke0(Native Method)
	at java.base/jdk.internal.reflect.NativeMethodAccessorImpl.invoke(NativeMethodAccessorImpl.java:62)
	at java.base/jdk.internal.reflect.DelegatingMethodAccessorImpl.invoke(DelegatingMethodAccessorImpl.java:43)
	at java.base/java.lang.reflect.Method.invoke(Method.java:566)
	at org.jboss.resteasy.resteasy-jaxrs@3.12.1.Final//org.jboss.resteasy.core.MethodInjectorImpl.invoke(MethodInjectorImpl.java:138)
	at org.jboss.resteasy.resteasy-jaxrs@3.12.1.Final//org.jboss.resteasy.core.ResourceMethodInvoker.internalInvokeOnTarget(ResourceMethodInvoker.java:543)
	at org.jboss.resteasy.resteasy-jaxrs@3.12.1.Final//org.jboss.resteasy.core.ResourceMethodInvoker.invokeOnTargetAfterFilter(ResourceMethodInvoker.java:432)
	at org.jboss.resteasy.resteasy-jaxrs@3.12.1.Final//org.jboss.resteasy.core.ResourceMethodInvoker.lambda$invokeOnTarget$0(ResourceMethodInvoker.java:393)
	at org.jboss.resteasy.resteasy-jaxrs@3.12.1.Final//org.jboss.resteasy.core.interception.PreMatchContainerRequestContext.filter(PreMatchContainerRequestContext.java:358)
	at org.jboss.resteasy.resteasy-jaxrs@3.12.1.Final//org.jboss.resteasy.core.ResourceMethodInvoker.invokeOnTarget(ResourceMethodInvoker.java:395)
	at org.jboss.resteasy.resteasy-jaxrs@3.12.1.Final//org.jboss.resteasy.core.ResourceMethodInvoker.invoke(ResourceMethodInvoker.java:364)
	at org.jboss.resteasy.resteasy-jaxrs@3.12.1.Final//org.jboss.resteasy.core.ResourceLocatorInvoker.invokeOnTargetObject(ResourceLocatorInvoker.java:150)
	at org.jboss.resteasy.resteasy-jaxrs@3.12.1.Final//org.jboss.resteasy.core.ResourceLocatorInvoker.invoke(ResourceLocatorInvoker.java:104)
	at org.jboss.resteasy.resteasy-jaxrs@3.12.1.Final//org.jboss.resteasy.core.SynchronousDispatcher.invoke(SynchronousDispatcher.java:440)
	at org.jboss.resteasy.resteasy-jaxrs@3.12.1.Final//org.jboss.resteasy.core.SynchronousDispatcher.lambda$invoke$4(SynchronousDispatcher.java:229)
	at org.jboss.resteasy.resteasy-jaxrs@3.12.1.Final//org.jboss.resteasy.core.SynchronousDispatcher.lambda$preprocess$0(SynchronousDispatcher.java:135)
	at org.jboss.resteasy.resteasy-jaxrs@3.12.1.Final//org.jboss.resteasy.core.interception.PreMatchContainerRequestContext.filter(PreMatchContainerRequestContext.java:358)
	at org.jboss.resteasy.resteasy-jaxrs@3.12.1.Final//org.jboss.resteasy.core.SynchronousDispatcher.preprocess(SynchronousDispatcher.java:138)
	at org.jboss.resteasy.resteasy-jaxrs@3.12.1.Final//org.jboss.resteasy.core.SynchronousDispatcher.invoke(SynchronousDispatcher.java:215)
	at org.jboss.resteasy.resteasy-jaxrs@3.12.1.Final//org.jboss.resteasy.plugins.server.servlet.ServletContainerDispatcher.service(ServletContainerDispatcher.java:245)
	at org.jboss.resteasy.resteasy-jaxrs@3.12.1.Final//org.jboss.resteasy.plugins.server.servlet.HttpServletDispatcher.service(HttpServletDispatcher.java:61)
	at org.jboss.resteasy.resteasy-jaxrs@3.12.1.Final//org.jboss.resteasy.plugins.server.servlet.HttpServletDispatcher.service(HttpServletDispatcher.java:56)
	at javax.servlet.api@2.0.0.Final//javax.servlet.http.HttpServlet.service(HttpServlet.java:590)
	at io.undertow.servlet@2.1.3.Final//io.undertow.servlet.handlers.ServletHandler.handleRequest(ServletHandler.java:74)
	at io.undertow.servlet@2.1.3.Final//io.undertow.servlet.handlers.FilterHandler$FilterChainImpl.doFilter(FilterHandler.java:129)
	at org.keycloak.keycloak-wildfly-extensions@11.0.3//org.keycloak.provider.wildfly.WildFlyRequestFilter.lambda$doFilter$0(WildFlyRequestFilter.java:41)
	at org.keycloak.keycloak-services@11.0.3//org.keycloak.services.filters.AbstractRequestFilter.filter(AbstractRequestFilter.java:43)
	at org.keycloak.keycloak-wildfly-extensions@11.0.3//org.keycloak.provider.wildfly.WildFlyRequestFilter.doFilter(WildFlyRequestFilter.java:39)
	at io.undertow.servlet@2.1.3.Final//io.undertow.servlet.core.ManagedFilter.doFilter(ManagedFilter.java:61)
	at io.undertow.servlet@2.1.3.Final//io.undertow.servlet.handlers.FilterHandler$FilterChainImpl.doFilter(FilterHandler.java:131)
	at io.undertow.servlet@2.1.3.Final//io.undertow.servlet.handlers.FilterHandler.handleRequest(FilterHandler.java:84)
	at io.undertow.servlet@2.1.3.Final//io.undertow.servlet.handlers.security.ServletSecurityRoleHandler.handleRequest(ServletSecurityRoleHandler.java:62)
	at io.undertow.servlet@2.1.3.Final//io.undertow.servlet.handlers.ServletChain$1.handleRequest(ServletChain.java:68)
	at io.undertow.servlet@2.1.3.Final//io.undertow.servlet.handlers.ServletDispatchingHandler.handleRequest(ServletDispatchingHandler.java:36)
	at org.wildfly.extension.undertow@20.0.1.Final//org.wildfly.extension.undertow.security.SecurityContextAssociationHandler.handleRequest(SecurityContextAssociationHandler.java:78)
	at io.undertow.core@2.1.3.Final//io.undertow.server.handlers.PredicateHandler.handleRequest(PredicateHandler.java:43)
	at io.undertow.servlet@2.1.3.Final//io.undertow.servlet.handlers.RedirectDirHandler.handleRequest(RedirectDirHandler.java:68)
	at io.undertow.servlet@2.1.3.Final//io.undertow.servlet.handlers.security.SSLInformationAssociationHandler.handleRequest(SSLInformationAssociationHandler.java:132)
	at io.undertow.servlet@2.1.3.Final//io.undertow.servlet.handlers.security.ServletAuthenticationCallHandler.handleRequest(ServletAuthenticationCallHandler.java:57)
	at io.undertow.core@2.1.3.Final//io.undertow.server.handlers.PredicateHandler.handleRequest(PredicateHandler.java:43)
	at io.undertow.core@2.1.3.Final//io.undertow.security.handlers.AbstractConfidentialityHandler.handleRequest(AbstractConfidentialityHandler.java:46)
	at io.undertow.servlet@2.1.3.Final//io.undertow.servlet.handlers.security.ServletConfidentialityConstraintHandler.handleRequest(ServletConfidentialityConstraintHandler.java:64)
	at io.undertow.core@2.1.3.Final//io.undertow.security.handlers.AuthenticationMechanismsHandler.handleRequest(AuthenticationMechanismsHandler.java:60)
	at io.undertow.servlet@2.1.3.Final//io.undertow.servlet.handlers.security.CachedAuthenticatedSessionHandler.handleRequest(CachedAuthenticatedSessionHandler.java:77)
	at io.undertow.core@2.1.3.Final//io.undertow.security.handlers.NotificationReceiverHandler.handleRequest(NotificationReceiverHandler.java:50)
	at io.undertow.core@2.1.3.Final//io.undertow.security.handlers.AbstractSecurityContextAssociationHandler.handleRequest(AbstractSecurityContextAssociationHandler.java:43)
	at io.undertow.core@2.1.3.Final//io.undertow.server.handlers.PredicateHandler.handleRequest(PredicateHandler.java:43)
	at org.wildfly.extension.undertow@20.0.1.Final//org.wildfly.extension.undertow.security.jacc.JACCContextIdHandler.handleRequest(JACCContextIdHandler.java:61)
	at io.undertow.core@2.1.3.Final//io.undertow.server.handlers.PredicateHandler.handleRequest(PredicateHandler.java:43)
	at org.wildfly.extension.undertow@20.0.1.Final//org.wildfly.extension.undertow.deployment.GlobalRequestControllerHandler.handleRequest(GlobalRequestControllerHandler.java:68)
	at io.undertow.core@2.1.3.Final//io.undertow.server.handlers.PredicateHandler.handleRequest(PredicateHandler.java:43)
	at io.undertow.servlet@2.1.3.Final//io.undertow.servlet.handlers.ServletInitialHandler.handleFirstRequest(ServletInitialHandler.java:269)
	at io.undertow.servlet@2.1.3.Final//io.undertow.servlet.handlers.ServletInitialHandler.access$100(ServletInitialHandler.java:78)
	at io.undertow.servlet@2.1.3.Final//io.undertow.servlet.handlers.ServletInitialHandler$2.call(ServletInitialHandler.java:133)
	at io.undertow.servlet@2.1.3.Final//io.undertow.servlet.handlers.ServletInitialHandler$2.call(ServletInitialHandler.java:130)
	at io.undertow.servlet@2.1.3.Final//io.undertow.servlet.core.ServletRequestContextThreadSetupAction$1.call(ServletRequestContextThreadSetupAction.java:48)
	at io.undertow.servlet@2.1.3.Final//io.undertow.servlet.core.ContextClassLoaderSetupAction$1.call(ContextClassLoaderSetupAction.java:43)
	at org.wildfly.extension.undertow@20.0.1.Final//org.wildfly.extension.undertow.security.SecurityContextThreadSetupAction.lambda$create$0(SecurityContextThreadSetupAction.java:105)
	at org.wildfly.extension.undertow@20.0.1.Final//org.wildfly.extension.undertow.deployment.UndertowDeploymentInfoService$UndertowThreadSetupAction.lambda$create$0(UndertowDeploymentInfoService.java:1530)
	at org.wildfly.extension.undertow@20.0.1.Final//org.wildfly.extension.undertow.deployment.UndertowDeploymentInfoService$UndertowThreadSetupAction.lambda$create$0(UndertowDeploymentInfoService.java:1530)
	at org.wildfly.extension.undertow@20.0.1.Final//org.wildfly.extension.undertow.deployment.UndertowDeploymentInfoService$UndertowThreadSetupAction.lambda$create$0(UndertowDeploymentInfoService.java:1530)
	at org.wildfly.extension.undertow@20.0.1.Final//org.wildfly.extension.undertow.deployment.UndertowDeploymentInfoService$UndertowThreadSetupAction.lambda$create$0(UndertowDeploymentInfoService.java:1530)
	at io.undertow.servlet@2.1.3.Final//io.undertow.servlet.handlers.ServletInitialHandler.dispatchRequest(ServletInitialHandler.java:249)
	at io.undertow.servlet@2.1.3.Final//io.undertow.servlet.handlers.ServletInitialHandler.access$000(ServletInitialHandler.java:78)
	at io.undertow.servlet@2.1.3.Final//io.undertow.servlet.handlers.ServletInitialHandler$1.handleRequest(ServletInitialHandler.java:99)
	at io.undertow.core@2.1.3.Final//io.undertow.server.Connectors.executeRootHandler(Connectors.java:370)
	at io.undertow.core@2.1.3.Final//io.undertow.server.HttpServerExchange$1.run(HttpServerExchange.java:830)
	at org.jboss.threads@2.3.3.Final//org.jboss.threads.ContextClassLoaderSavingRunnable.run(ContextClassLoaderSavingRunnable.java:35)
	at org.jboss.threads@2.3.3.Final//org.jboss.threads.EnhancedQueueExecutor.safeRun(EnhancedQueueExecutor.java:1982)
	at org.jboss.threads@2.3.3.Final//org.jboss.threads.EnhancedQueueExecutor$ThreadBody.doRunTask(EnhancedQueueExecutor.java:1486)
	at org.jboss.threads@2.3.3.Final//org.jboss.threads.EnhancedQueueExecutor$ThreadBody.run(EnhancedQueueExecutor.java:1377)
	at java.base/java.lang.Thread.run(Thread.java:834)

2020-12-16 08:12:46,385 WARN  [org.keycloak.events] (default task-3) type=LOGIN_ERROR, realmId=ms-users, clientId=resource-server-client-app, userId=null, ipAddress=127.0.0.1, error=invalid_user_credentials, auth_method=openid-connect, auth_type=code, redirect_uri=http://localhost:8081/callback, code_id=e1a900f5-d485-4e31-bfe3-8d045659772f, username=test2@test.com, authSessionParentId=e1a900f5-d485-4e31-bfe3-8d045659772f, authSessionTabId=q_ftUNCmMe4
2020-12-16 08:20:51,101 INFO  [org.jboss.as.server] (Thread-1) WFLYSRV0272: Suspending server
2020-12-16 08:20:51,105 INFO  [org.jboss.as.ejb3] (Thread-1) WFLYEJB0493: EJB subsystem suspension complete
2020-12-16 08:20:51,108 INFO  [org.jboss.as.server] (Thread-1) WFLYSRV0220: Server shutdown has been requested via an OS signal
2020-12-16 08:20:51,171 INFO  [org.jboss.as.connector.subsystems.datasources] (MSC service thread 1-1) WFLYJCA0010: Unbound data source [java:jboss/datasources/KeycloakDS]
2020-12-16 08:20:51,178 INFO  [org.jboss.as.mail.extension] (MSC service thread 1-8) WFLYMAIL0002: Unbound mail session [java:jboss/mail/Default]
2020-12-16 08:20:51,179 INFO  [org.wildfly.extension.undertow] (MSC service thread 1-2) WFLYUT0008: Undertow HTTPS listener https suspending
2020-12-16 08:20:51,181 INFO  [org.wildfly.extension.undertow] (MSC service thread 1-2) WFLYUT0007: Undertow HTTPS listener https stopped, was bound to 127.0.0.1:8443
2020-12-16 08:20:51,184 INFO  [org.wildfly.extension.undertow] (ServerService Thread Pool -- 64) WFLYUT0022: Unregistered web context: '/auth' from server 'default-server'
2020-12-16 08:20:51,191 INFO  [org.keycloak.subsystem.server.extension.KeycloakProviderDeploymentProcessor] (MSC service thread 1-3) Undeploying Keycloak provider: remote-postgres-spi.jar
2020-12-16 08:20:51,197 INFO  [org.jboss.as.connector.subsystems.datasources] (MSC service thread 1-2) WFLYJCA0010: Unbound data source [java:jboss/datasources/ExampleDS]
2020-12-16 08:20:51,198 INFO  [org.jboss.as.connector.deployers.jdbc] (MSC service thread 1-6) WFLYJCA0019: Stopped Driver service with driver-name = h2
2020-12-16 08:20:51,200 INFO  [org.jboss.as.server.deployment] (MSC service thread 1-7) WFLYSRV0028: Stopped deployment remote-postgres-spi.jar (runtime-name: remote-postgres-spi.jar) in 66ms
2020-12-16 08:20:51,201 INFO  [org.wildfly.extension.undertow] (MSC service thread 1-3) WFLYUT0019: Host default-host stopping
2020-12-16 08:20:51,207 INFO  [org.jboss.as.clustering.infinispan] (ServerService Thread Pool -- 71) WFLYCLINF0003: Stopped authenticationSessions cache from keycloak container
2020-12-16 08:20:51,207 INFO  [org.jboss.as.clustering.infinispan] (ServerService Thread Pool -- 72) WFLYCLINF0003: Stopped sessions cache from keycloak container
2020-12-16 08:20:51,210 INFO  [org.jboss.as.clustering.infinispan] (ServerService Thread Pool -- 76) WFLYCLINF0003: Stopped offlineSessions cache from keycloak container
2020-12-16 08:20:51,210 INFO  [org.jboss.as.clustering.infinispan] (ServerService Thread Pool -- 74) WFLYCLINF0003: Stopped actionTokens cache from keycloak container
2020-12-16 08:20:51,211 INFO  [org.jboss.as.clustering.infinispan] (ServerService Thread Pool -- 78) WFLYCLINF0003: Stopped loginFailures cache from keycloak container
2020-12-16 08:20:51,211 INFO  [org.jboss.as.clustering.infinispan] (ServerService Thread Pool -- 81) WFLYCLINF0003: Stopped keys cache from keycloak container
2020-12-16 08:20:51,212 INFO  [org.jboss.as.clustering.infinispan] (ServerService Thread Pool -- 80) WFLYCLINF0003: Stopped offlineClientSessions cache from keycloak container
2020-12-16 08:20:51,212 INFO  [org.jboss.as.clustering.infinispan] (ServerService Thread Pool -- 79) WFLYCLINF0003: Stopped work cache from keycloak container
2020-12-16 08:20:51,213 INFO  [org.jboss.as.clustering.infinispan] (ServerService Thread Pool -- 77) WFLYCLINF0003: Stopped clientSessions cache from keycloak container
2020-12-16 08:20:51,215 INFO  [org.jboss.as.clustering.infinispan] (ServerService Thread Pool -- 82) WFLYCLINF0003: Stopped authorization cache from keycloak container
2020-12-16 08:20:51,215 INFO  [org.jboss.as.clustering.infinispan] (ServerService Thread Pool -- 73) WFLYCLINF0003: Stopped client-mappings cache from ejb container
2020-12-16 08:20:51,216 INFO  [org.jboss.as.clustering.infinispan] (ServerService Thread Pool -- 75) WFLYCLINF0003: Stopped users cache from keycloak container
2020-12-16 08:20:51,217 INFO  [org.jboss.as.clustering.infinispan] (ServerService Thread Pool -- 64) WFLYCLINF0003: Stopped realms cache from keycloak container
2020-12-16 08:20:51,217 INFO  [org.infinispan.manager.DefaultCacheManager] (MSC service thread 1-2) Stopping cache manager null on null
2020-12-16 08:20:51,217 INFO  [org.wildfly.extension.undertow] (MSC service thread 1-8) WFLYUT0008: Undertow HTTP listener default suspending
2020-12-16 08:20:51,217 INFO  [org.infinispan.manager.DefaultCacheManager] (MSC service thread 1-3) Stopping cache manager null on null
2020-12-16 08:20:51,218 INFO  [org.wildfly.extension.undertow] (MSC service thread 1-8) WFLYUT0007: Undertow HTTP listener default stopped, was bound to 127.0.0.1:8080
2020-12-16 08:20:51,220 INFO  [org.wildfly.extension.undertow] (MSC service thread 1-4) WFLYUT0004: Undertow 2.1.3.Final stopping
2020-12-16 08:20:51,225 INFO  [org.jboss.as.server.deployment] (MSC service thread 1-4) WFLYSRV0028: Stopped deployment keycloak-server.war (runtime-name: keycloak-server.war) in 105ms
2020-12-16 08:20:51,240 INFO  [org.jboss.as] (MSC service thread 1-3) WFLYSRV0050: Keycloak 11.0.3 (WildFly Core 12.0.3.Final) stopped in 121ms
